[2021-05-25T14:53:42.687] [DEBUG] cheese - login => username:admin,password:123456
[2021-05-25T14:53:42.688] [DEBUG] cheese - admin
[2021-05-25T14:53:42.703] [DEBUG] cheese - null
[2021-05-25T14:53:42.703] [DEBUG] cheese - null
[2021-10-21T15:03:46.959] [DEBUG] cheese - login => username:zce,password:$08$lV0Gr4AKx7xH7cCU4KCGCOikNzGPaWIpw9W7A9BONIxoJ2.hGC9qi
[2021-10-21T15:03:46.960] [DEBUG] cheese - zce
[2021-10-21T15:03:46.970] [DEBUG] cheese - null
[2021-10-21T15:03:46.970] [DEBUG] cheese - null
[2021-10-21T15:05:00.050] [DEBUG] cheese - login => username:zs,password:123456
[2021-10-21T15:05:00.050] [DEBUG] cheese - zs
[2021-10-21T15:05:00.055] [DEBUG] cheese - null
[2021-10-21T15:05:00.056] [DEBUG] cheese - null
[2021-10-21T15:05:19.089] [DEBUG] cheese - login => username:admin,password:123456
[2021-10-21T15:05:19.089] [DEBUG] cheese - admin
[2021-10-21T15:05:19.095] [DEBUG] cheese - null
[2021-10-21T15:05:19.095] [DEBUG] cheese - null
[2021-10-21T20:24:54.134] [DEBUG] cheese - login => username:admin,password:123456789
[2021-10-21T20:24:54.135] [DEBUG] cheese - admin
[2021-10-21T20:24:54.223] [DEBUG] cheese - null
[2021-10-21T20:24:54.223] [DEBUG] cheese - null
[2021-10-21T20:25:11.877] [DEBUG] cheese - login => username:admin,password:123456
[2021-10-21T20:25:11.877] [DEBUG] cheese - admin
[2021-10-21T20:25:11.880] [DEBUG] cheese - null
[2021-10-21T20:25:11.880] [DEBUG] cheese - null
[2021-10-21T20:25:13.204] [DEBUG] cheese - login => username:admin,password:123456
[2021-10-21T20:25:13.205] [DEBUG] cheese - admin
[2021-10-21T20:25:13.207] [DEBUG] cheese - null
[2021-10-21T20:25:13.207] [DEBUG] cheese - null
[2021-10-21T20:26:13.451] [DEBUG] cheese - login => username:124465,password:454134
[2021-10-21T20:26:13.452] [DEBUG] cheese - 124465
[2021-10-21T20:26:13.454] [DEBUG] cheese - null
[2021-10-21T20:26:13.454] [DEBUG] cheese - null
[2021-10-21T20:26:41.331] [DEBUG] cheese - login => username:admin,password:123456
[2021-10-21T20:26:41.331] [DEBUG] cheese - admin
[2021-10-21T20:26:41.333] [DEBUG] cheese - null
[2021-10-21T20:26:41.333] [DEBUG] cheese - null
[2021-10-21T20:26:58.539] [DEBUG] cheese - login => username:admin,password:1234561
[2021-10-21T20:26:58.539] [DEBUG] cheese - admin
[2021-10-21T20:26:58.543] [DEBUG] cheese - null
[2021-10-21T20:26:58.543] [DEBUG] cheese - null
[2021-10-21T20:27:28.835] [DEBUG] cheese - login => username:admin,password:123456
[2021-10-21T20:27:28.835] [DEBUG] cheese - admin
[2021-10-21T20:27:28.839] [DEBUG] cheese - null
[2021-10-21T20:27:28.839] [DEBUG] cheese - null
[2021-10-21T20:27:34.800] [DEBUG] cheese - login => username:admin,password:123456
[2021-10-21T20:27:34.800] [DEBUG] cheese - admin
[2021-10-21T20:27:34.804] [DEBUG] cheese - null
[2021-10-21T20:27:34.804] [DEBUG] cheese - null
[2021-10-21T20:28:04.660] [DEBUG] cheese - login => username:admin,password:123456
[2021-10-21T20:28:04.661] [DEBUG] cheese - admin
[2021-10-21T20:28:04.662] [DEBUG] cheese - null
[2021-10-21T20:28:04.662] [DEBUG] cheese - null
[2021-10-21T20:29:11.988] [DEBUG] cheese - login => username:12313,password:1313131313
[2021-10-21T20:29:11.988] [DEBUG] cheese - 12313
[2021-10-21T20:29:11.989] [DEBUG] cheese - null
[2021-10-21T20:29:11.989] [DEBUG] cheese - null
[2021-10-21T20:30:20.715] [DEBUG] cheese - login => username:admin,password:123456
[2021-10-21T20:30:20.715] [DEBUG] cheese - admin
[2021-10-21T20:30:20.717] [DEBUG] cheese - null
[2021-10-21T20:30:20.717] [DEBUG] cheese - null
[2021-10-21T20:30:22.664] [DEBUG] cheese - login => username:admin,password:123456
[2021-10-21T20:30:22.664] [DEBUG] cheese - admin
[2021-10-21T20:30:22.666] [DEBUG] cheese - null
[2021-10-21T20:30:22.666] [DEBUG] cheese - null
[2021-10-21T20:30:38.274] [DEBUG] cheese - login => username:12425,password:afafafafafa
[2021-10-21T20:30:38.274] [DEBUG] cheese - 12425
[2021-10-21T20:30:38.276] [DEBUG] cheese - null
[2021-10-21T20:30:38.276] [DEBUG] cheese - null
[2021-10-21T20:30:58.763] [DEBUG] cheese - login => username:admin,password:123456
[2021-10-21T20:30:58.763] [DEBUG] cheese - admin
[2021-10-21T20:30:58.765] [DEBUG] cheese - null
[2021-10-21T20:30:58.765] [DEBUG] cheese - null
[2021-10-21T20:31:35.701] [DEBUG] cheese - login => username:admin,password:123456
[2021-10-21T20:31:35.701] [DEBUG] cheese - admin
[2021-10-21T20:31:35.705] [DEBUG] cheese - null
[2021-10-21T20:31:35.706] [DEBUG] cheese - null
[2021-10-21T20:35:22.245] [DEBUG] cheese - login => username:dadasd,password:adadadadad
[2021-10-21T20:35:22.245] [DEBUG] cheese - dadasd
[2021-10-21T20:35:22.248] [DEBUG] cheese - null
[2021-10-21T20:35:22.249] [DEBUG] cheese - null
[2021-10-21T20:36:29.363] [DEBUG] cheese - login => username:admin,password:123456
[2021-10-21T20:36:29.363] [DEBUG] cheese - admin
[2021-10-21T20:36:29.366] [DEBUG] cheese - null
[2021-10-21T20:36:29.366] [DEBUG] cheese - null
[2021-10-21T20:37:06.372] [DEBUG] cheese - login => username:adadsadad,password:adadadad
[2021-10-21T20:37:06.372] [DEBUG] cheese - adadsadad
[2021-10-21T20:37:06.374] [DEBUG] cheese - null
[2021-10-21T20:37:06.374] [DEBUG] cheese - null
[2021-10-21T20:41:44.513] [DEBUG] cheese - login => username:dadsaadad,password:adadadadad
[2021-10-21T20:41:44.513] [DEBUG] cheese - dadsaadad
[2021-10-21T20:41:44.516] [DEBUG] cheese - null
[2021-10-21T20:41:44.516] [DEBUG] cheese - null
[2021-10-21T20:44:13.964] [DEBUG] cheese - login => username:adadadada,password:adadsadadadadasd
[2021-10-21T20:44:13.964] [DEBUG] cheese - adadadada
[2021-10-21T20:44:13.991] [DEBUG] cheese - null
[2021-10-21T20:44:13.991] [DEBUG] cheese - null
[2021-10-21T20:47:38.006] [DEBUG] cheese - login => username:admin,password:123456
[2021-10-21T20:47:38.006] [DEBUG] cheese - admin
[2021-10-21T20:47:38.009] [DEBUG] cheese - null
[2021-10-21T20:47:38.009] [DEBUG] cheese - null
[2021-10-21T20:50:10.453] [DEBUG] cheese - login => username:aaaaa,password:aaaaaa
[2021-10-21T20:50:10.453] [DEBUG] cheese - aaaaa
[2021-10-21T20:50:10.455] [DEBUG] cheese - null
[2021-10-21T20:50:10.455] [DEBUG] cheese - null
[2021-10-21T21:00:08.174] [DEBUG] cheese - login => username:admin,password:123456
[2021-10-21T21:00:08.174] [DEBUG] cheese - admin
[2021-10-21T21:00:08.177] [DEBUG] cheese - null
[2021-10-21T21:00:08.177] [DEBUG] cheese - null
[2021-10-21T21:02:45.822] [DEBUG] cheese - login => username:admin,password:123456
[2021-10-21T21:02:45.822] [DEBUG] cheese - admin
[2021-10-21T21:02:45.824] [DEBUG] cheese - null
[2021-10-21T21:02:45.825] [DEBUG] cheese - null
[2021-10-21T21:02:58.518] [DEBUG] cheese - login => username:admin,password:123456
[2021-10-21T21:02:58.519] [DEBUG] cheese - admin
[2021-10-21T21:02:58.521] [DEBUG] cheese - null
[2021-10-21T21:02:58.521] [DEBUG] cheese - null
[2021-10-21T21:04:17.076] [DEBUG] cheese - login => username:admin,password:123456
[2021-10-21T21:04:17.076] [DEBUG] cheese - admin
[2021-10-21T21:04:17.078] [DEBUG] cheese - null
[2021-10-21T21:04:17.078] [DEBUG] cheese - null
[2021-10-21T21:06:20.259] [DEBUG] cheese - login => username:admin,password:123456
[2021-10-21T21:06:20.259] [DEBUG] cheese - admin
[2021-10-21T21:06:20.263] [DEBUG] cheese - null
[2021-10-21T21:06:20.263] [DEBUG] cheese - null
[2021-10-21T21:07:11.732] [DEBUG] cheese - login => username:admin,password:123456
[2021-10-21T21:07:11.732] [DEBUG] cheese - admin
[2021-10-21T21:07:11.737] [DEBUG] cheese - null
[2021-10-21T21:07:11.738] [DEBUG] cheese - null
[2021-10-21T21:08:50.464] [DEBUG] cheese - login => username:admin,password:123456
[2021-10-21T21:08:50.464] [DEBUG] cheese - admin
[2021-10-21T21:08:50.468] [DEBUG] cheese - null
[2021-10-21T21:08:50.468] [DEBUG] cheese - null
[2021-10-21T21:20:47.765] [DEBUG] cheese - login => username:admin,password:123456
[2021-10-21T21:20:47.765] [DEBUG] cheese - admin
[2021-10-21T21:20:47.772] [DEBUG] cheese - null
[2021-10-21T21:20:47.772] [DEBUG] cheese - null
[2021-10-21T21:21:48.129] [DEBUG] cheese - login => username:admin,password:123456
[2021-10-21T21:21:48.129] [DEBUG] cheese - admin
[2021-10-21T21:21:48.133] [DEBUG] cheese - null
[2021-10-21T21:21:48.133] [DEBUG] cheese - null
[2021-10-21T21:21:55.235] [DEBUG] cheese - login => username:admin,password:123456
[2021-10-21T21:21:55.235] [DEBUG] cheese - admin
[2021-10-21T21:21:55.239] [DEBUG] cheese - null
[2021-10-21T21:21:55.239] [DEBUG] cheese - null
[2021-10-21T21:22:15.416] [DEBUG] cheese - login => username:admin,password:123456
[2021-10-21T21:22:15.416] [DEBUG] cheese - admin
[2021-10-21T21:22:15.418] [DEBUG] cheese - null
[2021-10-21T21:22:15.418] [DEBUG] cheese - null
[2021-10-21T21:39:36.628] [DEBUG] cheese - login => username:admin,password:123456
[2021-10-21T21:39:36.629] [DEBUG] cheese - admin
[2021-10-21T21:39:36.639] [DEBUG] cheese - null
[2021-10-21T21:39:36.639] [DEBUG] cheese - null
[2021-10-21T21:40:50.713] [DEBUG] cheese - login => username:admin,password:123456
[2021-10-21T21:40:50.713] [DEBUG] cheese - admin
[2021-10-21T21:40:50.717] [DEBUG] cheese - null
[2021-10-21T21:40:50.717] [DEBUG] cheese - null
[2021-10-21T21:42:05.126] [DEBUG] cheese - login => username:admin,password:123456
[2021-10-21T21:42:05.126] [DEBUG] cheese - admin
[2021-10-21T21:42:05.128] [DEBUG] cheese - null
[2021-10-21T21:42:05.128] [DEBUG] cheese - null
[2021-10-21T21:43:59.210] [DEBUG] cheese - login => username:admin,password:123456
[2021-10-21T21:43:59.210] [DEBUG] cheese - admin
[2021-10-21T21:43:59.212] [DEBUG] cheese - null
[2021-10-21T21:43:59.212] [DEBUG] cheese - null
[2021-10-21T22:06:04.151] [DEBUG] cheese - login => username:admin,password:123456
[2021-10-21T22:06:04.151] [DEBUG] cheese - admin
[2021-10-21T22:06:04.168] [DEBUG] cheese - null
[2021-10-21T22:06:04.168] [DEBUG] cheese - null
[2021-10-21T22:52:51.172] [DEBUG] cheese - login => username:admin,password:123456
[2021-10-21T22:52:51.174] [DEBUG] cheese - admin
[2021-10-21T22:52:51.189] [DEBUG] cheese - null
[2021-10-21T22:52:51.190] [DEBUG] cheese - null
[2021-10-21T23:19:20.379] [DEBUG] cheese - login => username:admin,password:123456
[2021-10-21T23:19:20.380] [DEBUG] cheese - admin
[2021-10-21T23:19:20.403] [DEBUG] cheese - null
[2021-10-21T23:19:20.403] [DEBUG] cheese - null
[2021-10-21T23:33:49.953] [DEBUG] cheese - login => username:admin,password:123456
[2021-10-21T23:33:50.002] [DEBUG] cheese - admin
[2021-10-21T23:33:50.008] [DEBUG] cheese - null
[2021-10-21T23:33:50.009] [DEBUG] cheese - null
[2021-10-21T23:35:12.394] [DEBUG] cheese - login => username:admin,password:123456
[2021-10-21T23:35:12.394] [DEBUG] cheese - admin
[2021-10-21T23:35:12.397] [DEBUG] cheese - null
[2021-10-21T23:35:12.397] [DEBUG] cheese - null
[2021-10-21T23:35:18.281] [DEBUG] cheese - login => username:admin,password:1234567
[2021-10-21T23:35:18.281] [DEBUG] cheese - admin
[2021-10-21T23:35:18.283] [DEBUG] cheese - null
[2021-10-21T23:35:18.284] [DEBUG] cheese - null
[2021-10-21T23:35:20.933] [DEBUG] cheese - login => username:admin,password:123456
[2021-10-21T23:35:20.933] [DEBUG] cheese - admin
[2021-10-21T23:35:20.936] [DEBUG] cheese - null
[2021-10-21T23:35:20.936] [DEBUG] cheese - null
[2021-10-22T11:48:52.133] [DEBUG] cheese - login => username:admin,password:123456
[2021-10-22T11:48:52.134] [DEBUG] cheese - admin
[2021-10-22T11:48:52.147] [DEBUG] cheese - null
[2021-10-22T11:48:52.148] [DEBUG] cheese - null
[2021-10-22T20:03:56.794] [DEBUG] cheese - null
[2021-10-22T20:03:59.435] [DEBUG] cheese - null
[2021-10-22T20:04:01.990] [DEBUG] cheese - null
[2021-10-22T20:04:04.254] [DEBUG] cheese - null
[2021-10-22T21:20:55.401] [DEBUG] cheese - null
[2021-10-22T23:49:45.449] [DEBUG] cheese - null
[2021-10-22T23:49:48.816] [DEBUG] cheese - null
[2021-10-22T23:49:55.473] [DEBUG] cheese - null
[2021-10-22T23:49:58.088] [DEBUG] cheese - null
[2021-10-23T13:08:41.800] [DEBUG] cheese - login => username:admin,password:123456
[2021-10-23T13:08:41.801] [DEBUG] cheese - admin
[2021-10-23T13:08:41.815] [DEBUG] cheese - null
[2021-10-23T13:08:41.815] [DEBUG] cheese - null
[2021-10-23T22:10:42.133] [DEBUG] cheese - null
[2021-10-23T22:12:02.420] [DEBUG] cheese - null
[2021-10-23T22:12:44.031] [DEBUG] cheese - null
[2021-10-23T22:13:02.900] [DEBUG] cheese - null
[2021-10-23T22:16:56.863] [DEBUG] cheese - null
[2021-10-23T22:17:10.989] [DEBUG] cheese - null
[2021-10-23T22:17:14.593] [DEBUG] cheese - null
[2021-10-23T22:17:14.712] [DEBUG] cheese - null
[2021-10-23T22:17:14.868] [DEBUG] cheese - null
[2021-10-23T22:17:14.993] [DEBUG] cheese - null
[2021-10-23T22:17:15.139] [DEBUG] cheese - null
[2021-10-23T22:17:15.259] [DEBUG] cheese - null
[2021-10-23T22:17:15.402] [DEBUG] cheese - null
[2021-10-23T22:17:15.537] [DEBUG] cheese - null
[2021-10-23T22:17:15.674] [DEBUG] cheese - null
[2021-10-23T22:17:15.787] [DEBUG] cheese - null
[2021-10-23T22:17:20.529] [DEBUG] cheese - null
[2021-10-23T22:18:31.564] [DEBUG] cheese - null
[2021-10-23T22:18:47.237] [DEBUG] cheese - null
[2021-10-23T22:19:02.299] [DEBUG] cheese - null
[2021-10-23T22:20:08.387] [DEBUG] cheese - login => username:admin,password:123456
[2021-10-23T22:20:08.387] [DEBUG] cheese - admin
[2021-10-23T22:20:08.396] [DEBUG] cheese - null
[2021-10-23T22:20:08.396] [DEBUG] cheese - null
[2021-10-23T22:20:46.623] [DEBUG] cheese - null
[2021-10-23T22:20:52.907] [DEBUG] cheese - null
[2021-10-23T22:26:41.838] [DEBUG] cheese - null
[2021-10-23T22:32:28.665] [DEBUG] cheese - null
[2021-10-23T22:33:17.095] [DEBUG] cheese - null
[2021-10-23T22:33:37.204] [DEBUG] cheese - null
[2021-10-23T22:34:06.885] [DEBUG] cheese - null
[2021-10-23T22:34:39.659] [DEBUG] cheese - null
[2021-10-23T22:42:52.405] [DEBUG] cheese - null
[2021-10-23T22:43:20.395] [DEBUG] cheese - null
[2021-10-23T22:43:20.553] [DEBUG] cheese - null
[2021-10-23T22:43:20.812] [DEBUG] cheese - null
[2021-10-23T22:43:20.952] [DEBUG] cheese - null
[2021-10-23T22:43:27.129] [DEBUG] cheese - null
[2021-10-23T22:48:59.778] [DEBUG] cheese - null
[2021-10-23T22:49:52.288] [DEBUG] cheese - null
[2021-10-23T22:49:57.322] [DEBUG] cheese - null
[2021-10-23T22:51:03.271] [DEBUG] cheese - null
[2021-10-23T23:17:22.288] [DEBUG] cheese - null
[2021-10-23T23:17:35.146] [DEBUG] cheese - null
[2021-10-23T23:17:37.534] [DEBUG] cheese - null
[2021-10-23T23:17:39.089] [DEBUG] cheese - null
[2021-10-23T23:17:39.257] [DEBUG] cheese - null
[2021-10-23T23:17:39.815] [DEBUG] cheese - null
[2021-10-23T23:17:39.960] [DEBUG] cheese - null
[2021-10-23T23:17:40.105] [DEBUG] cheese - null
[2021-10-23T23:17:40.249] [DEBUG] cheese - null
[2021-10-23T23:18:24.001] [DEBUG] cheese - null
[2021-10-23T23:18:25.434] [DEBUG] cheese - null
[2021-10-23T23:18:26.465] [DEBUG] cheese - null
[2021-10-23T23:23:06.788] [DEBUG] cheese - null
[2021-10-23T23:28:06.669] [DEBUG] cheese - null
[2021-10-23T23:28:59.260] [DEBUG] cheese - null
[2021-10-23T23:29:36.726] [DEBUG] cheese - null
[2021-10-23T23:37:37.796] [DEBUG] cheese - null
[2021-10-23T23:40:13.973] [DEBUG] cheese - null
[2021-10-23T23:40:22.118] [DEBUG] cheese - null
[2021-10-23T23:40:22.611] [DEBUG] cheese - null
[2021-10-23T23:40:22.750] [DEBUG] cheese - null
[2021-10-23T23:40:22.908] [DEBUG] cheese - null
[2021-10-23T23:42:27.277] [DEBUG] cheese - null
[2021-10-24T12:00:16.131] [DEBUG] cheese - login => username:admin,password:123456
[2021-10-24T12:00:16.132] [DEBUG] cheese - admin
[2021-10-24T12:00:16.144] [DEBUG] cheese - null
[2021-10-24T12:00:16.145] [DEBUG] cheese - null
[2021-10-24T12:33:45.428] [DEBUG] cheese - null
[2021-10-24T12:33:52.231] [DEBUG] cheese - null
[2021-10-24T12:33:53.166] [DEBUG] cheese - null
[2021-10-24T12:33:53.878] [DEBUG] cheese - null
[2021-10-24T12:34:44.026] [DEBUG] cheese - null
[2021-10-24T12:35:54.985] [DEBUG] cheese - null
[2021-10-24T12:36:25.503] [DEBUG] cheese - null
[2021-10-24T12:36:50.223] [DEBUG] cheese - null
[2021-10-24T15:15:03.387] [DEBUG] cheese - login => username:admin,password:123456
[2021-10-24T15:15:03.393] [DEBUG] cheese - admin
[2021-10-24T15:15:03.403] [DEBUG] cheese - null
[2021-10-24T15:15:03.404] [DEBUG] cheese - null
